{
  "RSpec": {
    "coverage": {
      "/Users/charliecasserly/Documents/projects/bank-tech-test/spec/account_spec.rb": {
        "lines": [
          1,
          null,
          1,
          7,
          7,
          null,
          7,
          null,
          1,
          1,
          1,
          null,
          null,
          null,
          1,
          1,
          1,
          1,
          null,
          null,
          1,
          2,
          null,
          null,
          null,
          1,
          4,
          null,
          1,
          1,
          1,
          null,
          null,
          1,
          2,
          null,
          null,
          1,
          2,
          null,
          null,
          null
        ]
      },
      "/Users/charliecasserly/Documents/projects/bank-tech-test/lib/account.rb": {
        "lines": [
          1,
          1,
          null,
          1,
          1,
          null,
          1,
          6,
          6,
          null,
          null,
          1,
          5,
          null,
          4,
          4,
          null,
          null,
          1,
          3,
          2,
          null,
          1,
          1,
          null,
          null,
          1,
          3,
          null,
          null,
          1,
          null,
          1,
          null,
          1,
          8,
          null,
          null,
          1,
          2,
          null,
          null
        ]
      },
      "/Users/charliecasserly/Documents/projects/bank-tech-test/lib/printer.rb": {
        "lines": [
          1,
          null
        ]
      },
      "/Users/charliecasserly/Documents/projects/bank-tech-test/lib/statement.rb": {
        "lines": [
          1,
          null,
          1,
          1,
          null,
          1,
          3,
          null,
          null,
          1,
          3,
          null,
          null,
          null,
          null,
          null,
          null
        ]
      },
      "/Users/charliecasserly/Documents/projects/bank-tech-test/spec/printer_spec.rb": {
        "lines": [
          1,
          null,
          1,
          1,
          null,
          null
        ]
      },
      "/Users/charliecasserly/Documents/projects/bank-tech-test/spec/statement_spec.rb": {
        "lines": [
          1,
          null,
          1,
          4,
          null,
          1,
          1,
          3,
          3,
          null,
          null,
          1,
          1,
          null,
          null,
          1,
          1,
          null,
          null,
          1,
          1,
          null,
          null,
          null
        ]
      }
    },
    "timestamp": 1625562215
  }
}
